<?xml version="1.0" encoding="UTF-8"?>
<!-- Generated by org.testng.reporters.JUnitXMLReporter -->
<testsuite ignored="0" hostname="LAPTOP-B8GN0GEK" failures="0" tests="5" name="yoloAPITest" time="10.36" errors="0" timestamp="14 Nov 2021 19:57:27 GMT">
  <testcase classname="com.yolo.api.test.suite.invoker.PostAndUpdateTestCases" name="postCreateUser" time="3.865"/>
  <testcase classname="com.yolo.api.test.suite.invoker.PostAndUpdateTestCases" name="putUpdateUser" time="2.376"/>
  <testcase classname="com.yolo.api.test.suite.invoker.PostAndUpdateTestCases" name="addUserPost" time="2.041"/>
  <testcase classname="com.yolo.api.test.suite.invoker.PostAndUpdateTestCases" name="addUserTodo" time="2.047"/>
  <testcase classname="com.yolo.api.test.suite.invoker.GetTestCases" name="getListOfPosts" time="0.0"/>
</testsuite> <!-- yoloAPITest -->
