<?xml version="1.0" encoding="UTF-8"?>
<!-- Generated by org.testng.reporters.JUnitXMLReporter -->
<testsuite ignored="0" hostname="LAPTOP-B8GN0GEK" failures="0" tests="9" name="yoloAPITest" time="20.686" errors="0" timestamp="14 Nov 2021 21:45:06 GMT">
  <testcase classname="com.yolo.api.test.suite.invoker.PostAndUpdateTestCases" name="postCreateUser" time="3.937"/>
  <testcase classname="com.yolo.api.test.suite.invoker.PostAndUpdateTestCases" name="putUpdateUser" time="2.07"/>
  <testcase classname="com.yolo.api.test.suite.invoker.PostAndUpdateTestCases" name="addUserPost" time="2.248"/>
  <testcase classname="com.yolo.api.test.suite.invoker.PostAndUpdateTestCases" name="addUserTodo" time="1.933"/>
  <testcase classname="com.yolo.api.test.suite.invoker.GetTestCases" name="getListOfUsers" time="2.243"/>
  <testcase classname="com.yolo.api.test.suite.invoker.GetTestCases" name="getListOfPosts" time="2.042"/>
  <testcase classname="com.yolo.api.test.suite.invoker.GetTestCases" name="getListOfTodos" time="1.942"/>
  <testcase classname="com.yolo.api.test.suite.invoker.GetTestCases" name="getListOfComments" time="2.146"/>
  <testcase classname="com.yolo.api.test.suite.invoker.DeleteTestCases" name="deleteUser" time="2.039"/>
</testsuite> <!-- yoloAPITest -->
