<?xml version="1.0" encoding="UTF-8"?>
<!-- Generated by org.testng.reporters.JUnitXMLReporter -->
<testsuite ignored="0" hostname="LAPTOP-B8GN0GEK" failures="0" tests="4" name="Default test" time="9.931" errors="0" timestamp="14 Nov 2021 19:24:23 GMT">
  <testcase classname="com.yolo.api.test.suite.invoker.PostAndUpdateTestCases" name="postCreateUser" time="3.422"/>
  <testcase classname="com.yolo.api.test.suite.invoker.PostAndUpdateTestCases" name="putUpdateUser" time="2.273"/>
  <testcase classname="com.yolo.api.test.suite.invoker.PostAndUpdateTestCases" name="addUserPost" time="2.14"/>
  <testcase classname="com.yolo.api.test.suite.invoker.PostAndUpdateTestCases" name="addUserTodo" time="2.037"/>
</testsuite> <!-- Default test -->
