<?xml version="1.0" encoding="UTF-8"?>
<testng-results ignored="0" total="1" passed="0" failed="1" skipped="0">
  <reporter-output>
  </reporter-output>
  <suite started-at="2021-11-10T19:38:39Z" name="Yolo API Test Suite" finished-at="2021-11-10T19:38:42Z" duration-ms="2911">
    <groups>
      <group name="yoloAPITest">
        <method signature="PostTestCases.postCreateUser()[pri:0, instance:com.yolo.api.test.suite.invoker.PostTestCases@3b08f438]" name="postCreateUser" class="com.yolo.api.test.suite.invoker.PostTestCases"/>
      </group> <!-- yoloAPITest -->
    </groups>
    <test started-at="2021-11-10T19:38:39Z" name="yoloAPITest" finished-at="2021-11-10T19:38:42Z" duration-ms="2911">
      <class name="com.yolo.api.test.suite.invoker.PostTestCases">
        <test-method signature="postCreateUser()[pri:0, instance:com.yolo.api.test.suite.invoker.PostTestCases@3b08f438]" started-at="2021-11-10T19:38:39Z" name="postCreateUser" finished-at="2021-11-10T19:38:42Z" duration-ms="2892" status="FAIL">
          <exception class="java.lang.NullPointerException">
            <message>
              <![CDATA[Cannot invoke "java.util.HashSet.iterator()" because "this.newUserRes" is null]]>
            </message>
            <full-stacktrace>
              <![CDATA[java.lang.NullPointerException: Cannot invoke "java.util.HashSet.iterator()" because "this.newUserRes" is null
at com.yolo.api.test.suite.invoker.PostTestCases.postCreateUser(PostTestCases.java:26)
at java.base/jdk.internal.reflect.NativeMethodAccessorImpl.invoke0(Native Method)
at java.base/jdk.internal.reflect.NativeMethodAccessorImpl.invoke(NativeMethodAccessorImpl.java:64)
at java.base/jdk.internal.reflect.DelegatingMethodAccessorImpl.invoke(DelegatingMethodAccessorImpl.java:43)
at java.base/java.lang.reflect.Method.invoke(Method.java:564)
at org.testng.internal.MethodInvocationHelper.invokeMethod(MethodInvocationHelper.java:124)
at org.testng.internal.Invoker.invokeMethod(Invoker.java:583)
at org.testng.internal.Invoker.invokeTestMethod(Invoker.java:719)
at org.testng.internal.Invoker.invokeTestMethods(Invoker.java:989)
at org.testng.internal.TestMethodWorker.invokeTestMethods(TestMethodWorker.java:125)
at org.testng.internal.TestMethodWorker.run(TestMethodWorker.java:109)
at org.testng.TestRunner.privateRun(TestRunner.java:648)
at org.testng.TestRunner.run(TestRunner.java:505)
at org.testng.SuiteRunner.runTest(SuiteRunner.java:455)
at org.testng.SuiteRunner.access$000(SuiteRunner.java:40)
at org.testng.SuiteRunner$SuiteWorker.run(SuiteRunner.java:489)
at org.testng.internal.thread.ThreadUtil$1.call(ThreadUtil.java:52)
at java.base/java.util.concurrent.FutureTask.run(FutureTask.java:264)
at java.base/java.util.concurrent.ThreadPoolExecutor.runWorker(ThreadPoolExecutor.java:1130)
at java.base/java.util.concurrent.ThreadPoolExecutor$Worker.run(ThreadPoolExecutor.java:630)
at java.base/java.lang.Thread.run(Thread.java:832)
]]>
            </full-stacktrace>
          </exception> <!-- java.lang.NullPointerException -->
          <reporter-output>
          </reporter-output>
        </test-method> <!-- postCreateUser -->
      </class> <!-- com.yolo.api.test.suite.invoker.PostTestCases -->
    </test> <!-- yoloAPITest -->
  </suite> <!-- Yolo API Test Suite -->
</testng-results>
