<?xml version="1.0" encoding="UTF-8"?>
<testng-results ignored="0" total="5" passed="5" failed="0" skipped="0">
  <reporter-output>
  </reporter-output>
  <suite started-at="2021-11-14T19:57:16Z" name="Yolo API Test Suite" finished-at="2021-11-14T19:57:26Z" duration-ms="10360">
    <groups>
      <group name="yoloAPITest">
        <method signature="GetTestCases.getListOfPosts()[pri:4, instance:com.yolo.api.test.suite.invoker.GetTestCases@22bd2039]" name="getListOfPosts" class="com.yolo.api.test.suite.invoker.GetTestCases"/>
        <method signature="PostAndUpdateTestCases.addUserPost()[pri:2, instance:com.yolo.api.test.suite.invoker.PostAndUpdateTestCases@6d171ce0]" name="addUserPost" class="com.yolo.api.test.suite.invoker.PostAndUpdateTestCases"/>
        <method signature="PostAndUpdateTestCases.addUserTodo()[pri:3, instance:com.yolo.api.test.suite.invoker.PostAndUpdateTestCases@6d171ce0]" name="addUserTodo" class="com.yolo.api.test.suite.invoker.PostAndUpdateTestCases"/>
        <method signature="PostAndUpdateTestCases.postCreateUser()[pri:0, instance:com.yolo.api.test.suite.invoker.PostAndUpdateTestCases@6d171ce0]" name="postCreateUser" class="com.yolo.api.test.suite.invoker.PostAndUpdateTestCases"/>
        <method signature="PostAndUpdateTestCases.putUpdateUser()[pri:1, instance:com.yolo.api.test.suite.invoker.PostAndUpdateTestCases@6d171ce0]" name="putUpdateUser" class="com.yolo.api.test.suite.invoker.PostAndUpdateTestCases"/>
      </group> <!-- yoloAPITest -->
    </groups>
    <test started-at="2021-11-14T19:57:16Z" name="yoloAPITest" finished-at="2021-11-14T19:57:26Z" duration-ms="10360">
      <class name="com.yolo.api.test.suite.invoker.PostAndUpdateTestCases">
        <test-method signature="postCreateUser()[pri:0, instance:com.yolo.api.test.suite.invoker.PostAndUpdateTestCases@6d171ce0]" started-at="2021-11-14T19:57:16Z" name="postCreateUser" finished-at="2021-11-14T19:57:20Z" duration-ms="3865" status="PASS">
          <reporter-output>
          </reporter-output>
        </test-method> <!-- postCreateUser -->
        <test-method signature="putUpdateUser()[pri:1, instance:com.yolo.api.test.suite.invoker.PostAndUpdateTestCases@6d171ce0]" started-at="2021-11-14T19:57:20Z" name="putUpdateUser" finished-at="2021-11-14T19:57:22Z" duration-ms="2376" status="PASS">
          <reporter-output>
          </reporter-output>
        </test-method> <!-- putUpdateUser -->
        <test-method signature="addUserPost()[pri:2, instance:com.yolo.api.test.suite.invoker.PostAndUpdateTestCases@6d171ce0]" started-at="2021-11-14T19:57:22Z" name="addUserPost" finished-at="2021-11-14T19:57:24Z" duration-ms="2041" status="PASS">
          <reporter-output>
          </reporter-output>
        </test-method> <!-- addUserPost -->
        <test-method signature="addUserTodo()[pri:3, instance:com.yolo.api.test.suite.invoker.PostAndUpdateTestCases@6d171ce0]" started-at="2021-11-14T19:57:24Z" name="addUserTodo" finished-at="2021-11-14T19:57:26Z" duration-ms="2047" status="PASS">
          <reporter-output>
          </reporter-output>
        </test-method> <!-- addUserTodo -->
      </class> <!-- com.yolo.api.test.suite.invoker.PostAndUpdateTestCases -->
      <class name="com.yolo.api.test.suite.invoker.GetTestCases">
        <test-method signature="getListOfPosts()[pri:4, instance:com.yolo.api.test.suite.invoker.GetTestCases@22bd2039]" started-at="2021-11-14T19:57:26Z" name="getListOfPosts" finished-at="2021-11-14T19:57:26Z" duration-ms="0" status="PASS">
          <reporter-output>
          </reporter-output>
        </test-method> <!-- getListOfPosts -->
      </class> <!-- com.yolo.api.test.suite.invoker.GetTestCases -->
    </test> <!-- yoloAPITest -->
  </suite> <!-- Yolo API Test Suite -->
</testng-results>
