-------------------------------------------------------------------------------
Test set: TestSuite
-------------------------------------------------------------------------------
Tests run: 1, Failures: 1, Errors: 0, Skipped: 0, Time elapsed: 4.406 sec <<< FAILURE!
postCreateUser(com.yolo.api.test.suite.invoker.PostTestCases)  Time elapsed: 2.898 sec  <<< FAILURE!
java.lang.NullPointerException: Cannot invoke "java.util.HashSet.iterator()" because "this.newUserRes" is null
	at com.yolo.api.test.suite.invoker.PostTestCases.postCreateUser(PostTestCases.java:26)

