<?xml version="1.0" encoding="UTF-8"?>
<testsuite name="TestSuite" time="2.898" tests="1" errors="0" skipped="0" failures="1">
  <properties>
[...]
</properties>
  <testcase name="postCreateUser" classname="com.yolo.api.test.suite.invoker.PostTestCases" time="2.898">
    <failure message="Cannot invoke &quot;java.util.HashSet.iterator()&quot; because &quot;this.newUserRes&quot; is null" type="java.lang.NullPointerException">java.lang.NullPointerException: Cannot invoke "java.util.HashSet.iterator()" because "this.newUserRes" is null
	at com.yolo.api.test.suite.invoker.PostTestCases.postCreateUser(PostTestCases.java:26)
</failure>
    <system-out>...
... TestNG 6.14.3 by Cédric Beust (cedric@beust.com)
...

[INFO] Creating a new user details
</system-out>
  </testcase>
</testsuite>