<?xml version="1.0" encoding="UTF-8"?>
<testng-results ignored="0" total="9" passed="9" failed="0" skipped="0">
  <reporter-output>
  </reporter-output>
  <suite started-at="2021-11-14T21:44:45Z" name="Yolo API Test Suite" finished-at="2021-11-14T21:45:06Z" duration-ms="20686">
    <groups>
      <group name="yoloAPITest">
        <method signature="DeleteTestCases.deleteUser()[pri:8, instance:com.yolo.api.test.suite.invoker.DeleteTestCases@67b7c170]" name="deleteUser" class="com.yolo.api.test.suite.invoker.DeleteTestCases"/>
        <method signature="GetTestCases.getListOfComments()[pri:7, instance:com.yolo.api.test.suite.invoker.GetTestCases@7ce4de34]" name="getListOfComments" class="com.yolo.api.test.suite.invoker.GetTestCases"/>
        <method signature="GetTestCases.getListOfPosts()[pri:5, instance:com.yolo.api.test.suite.invoker.GetTestCases@7ce4de34]" name="getListOfPosts" class="com.yolo.api.test.suite.invoker.GetTestCases"/>
        <method signature="GetTestCases.getListOfTodos()[pri:6, instance:com.yolo.api.test.suite.invoker.GetTestCases@7ce4de34]" name="getListOfTodos" class="com.yolo.api.test.suite.invoker.GetTestCases"/>
        <method signature="GetTestCases.getListOfUsers()[pri:4, instance:com.yolo.api.test.suite.invoker.GetTestCases@7ce4de34]" name="getListOfUsers" class="com.yolo.api.test.suite.invoker.GetTestCases"/>
        <method signature="PostAndUpdateTestCases.addUserPost()[pri:2, instance:com.yolo.api.test.suite.invoker.PostAndUpdateTestCases@5ff60a8c]" name="addUserPost" class="com.yolo.api.test.suite.invoker.PostAndUpdateTestCases"/>
        <method signature="PostAndUpdateTestCases.addUserTodo()[pri:3, instance:com.yolo.api.test.suite.invoker.PostAndUpdateTestCases@5ff60a8c]" name="addUserTodo" class="com.yolo.api.test.suite.invoker.PostAndUpdateTestCases"/>
        <method signature="PostAndUpdateTestCases.postCreateUser()[pri:0, instance:com.yolo.api.test.suite.invoker.PostAndUpdateTestCases@5ff60a8c]" name="postCreateUser" class="com.yolo.api.test.suite.invoker.PostAndUpdateTestCases"/>
        <method signature="PostAndUpdateTestCases.putUpdateUser()[pri:1, instance:com.yolo.api.test.suite.invoker.PostAndUpdateTestCases@5ff60a8c]" name="putUpdateUser" class="com.yolo.api.test.suite.invoker.PostAndUpdateTestCases"/>
      </group> <!-- yoloAPITest -->
    </groups>
    <test started-at="2021-11-14T21:44:45Z" name="yoloAPITest" finished-at="2021-11-14T21:45:06Z" duration-ms="20686">
      <class name="com.yolo.api.test.suite.invoker.PostAndUpdateTestCases">
        <test-method signature="postCreateUser()[pri:0, instance:com.yolo.api.test.suite.invoker.PostAndUpdateTestCases@5ff60a8c]" started-at="2021-11-14T21:44:45Z" name="postCreateUser" finished-at="2021-11-14T21:44:49Z" duration-ms="3937" status="PASS">
          <reporter-output>
          </reporter-output>
        </test-method> <!-- postCreateUser -->
        <test-method signature="putUpdateUser()[pri:1, instance:com.yolo.api.test.suite.invoker.PostAndUpdateTestCases@5ff60a8c]" started-at="2021-11-14T21:44:49Z" name="putUpdateUser" finished-at="2021-11-14T21:44:51Z" duration-ms="2070" status="PASS">
          <reporter-output>
          </reporter-output>
        </test-method> <!-- putUpdateUser -->
        <test-method signature="addUserPost()[pri:2, instance:com.yolo.api.test.suite.invoker.PostAndUpdateTestCases@5ff60a8c]" started-at="2021-11-14T21:44:51Z" name="addUserPost" finished-at="2021-11-14T21:44:53Z" duration-ms="2248" status="PASS">
          <reporter-output>
          </reporter-output>
        </test-method> <!-- addUserPost -->
        <test-method signature="addUserTodo()[pri:3, instance:com.yolo.api.test.suite.invoker.PostAndUpdateTestCases@5ff60a8c]" started-at="2021-11-14T21:44:53Z" name="addUserTodo" finished-at="2021-11-14T21:44:55Z" duration-ms="1933" status="PASS">
          <reporter-output>
          </reporter-output>
        </test-method> <!-- addUserTodo -->
      </class> <!-- com.yolo.api.test.suite.invoker.PostAndUpdateTestCases -->
      <class name="com.yolo.api.test.suite.invoker.GetTestCases">
        <test-method signature="getListOfUsers()[pri:4, instance:com.yolo.api.test.suite.invoker.GetTestCases@7ce4de34]" started-at="2021-11-14T21:44:55Z" name="getListOfUsers" finished-at="2021-11-14T21:44:57Z" duration-ms="2243" status="PASS">
          <reporter-output>
          </reporter-output>
        </test-method> <!-- getListOfUsers -->
        <test-method signature="getListOfPosts()[pri:5, instance:com.yolo.api.test.suite.invoker.GetTestCases@7ce4de34]" started-at="2021-11-14T21:44:57Z" name="getListOfPosts" finished-at="2021-11-14T21:44:59Z" duration-ms="2042" status="PASS">
          <reporter-output>
          </reporter-output>
        </test-method> <!-- getListOfPosts -->
        <test-method signature="getListOfTodos()[pri:6, instance:com.yolo.api.test.suite.invoker.GetTestCases@7ce4de34]" started-at="2021-11-14T21:44:59Z" name="getListOfTodos" finished-at="2021-11-14T21:45:01Z" duration-ms="1942" status="PASS">
          <reporter-output>
          </reporter-output>
        </test-method> <!-- getListOfTodos -->
        <test-method signature="getListOfComments()[pri:7, instance:com.yolo.api.test.suite.invoker.GetTestCases@7ce4de34]" started-at="2021-11-14T21:45:01Z" name="getListOfComments" finished-at="2021-11-14T21:45:04Z" duration-ms="2146" status="PASS">
          <reporter-output>
          </reporter-output>
        </test-method> <!-- getListOfComments -->
      </class> <!-- com.yolo.api.test.suite.invoker.GetTestCases -->
      <class name="com.yolo.api.test.suite.invoker.DeleteTestCases">
        <test-method signature="deleteUser()[pri:8, instance:com.yolo.api.test.suite.invoker.DeleteTestCases@67b7c170]" started-at="2021-11-14T21:45:04Z" name="deleteUser" finished-at="2021-11-14T21:45:06Z" duration-ms="2039" status="PASS">
          <reporter-output>
          </reporter-output>
        </test-method> <!-- deleteUser -->
      </class> <!-- com.yolo.api.test.suite.invoker.DeleteTestCases -->
    </test> <!-- yoloAPITest -->
  </suite> <!-- Yolo API Test Suite -->
</testng-results>
